<?xml version="1.0" encoding="UTF-8"?>
<testsuite name="tests.RegistrationTests" tests="3" skipped="0" failures="0" errors="0" timestamp="2023-04-07T19:48:21" hostname="DESKTOP-670P0FC" time="24.568">
  <properties/>
  <testcase name="regNegativeTest" classname="tests.RegistrationTests" time="1.636"/>
  <testcase name="regNegativeTest2" classname="tests.RegistrationTests" time="1.648"/>
  <testcase name="regPositiveTest" classname="tests.RegistrationTests" time="1.234"/>
  <system-out><![CDATA[Wrong email or password format
            Email must contains one @ and minimum 2 symbols after last dot
            Password must contain at least one uppercase letter!
            Password must contain at least one lowercase letter!
            Password must contain at least one digit!
            Password must contain at least one special symbol from [‘$’,’~’,’-‘,’_’]!
Wrong email or password format
            Email must contains one @ and minimum 2 symbols after last dot
            Password must contain at least one uppercase letter!
            Password must contain at least one lowercase letter!
            Password must contain at least one digit!
            Password must contain at least one special symbol from [‘$’,’~’,’-‘,’_’]!
]]></system-out>
  <system-err><![CDATA[console.warn: LoginRecipes: "Falling back to a synchronous message for: https://telranedu.web.app."
console.warn: LoginRecipes: "Falling back to a synchronous message for: https://telranedu.web.app."
console.warn: LoginRecipes: "Falling back to a synchronous message for: https://telranedu.web.app."
]]></system-err>
</testsuite>
